<?xml version="1.0" encoding="UTF-8"?>
<!-- Generated by org.testng.reporters.JUnitReportReporter -->
<testsuite hostname="Sudhirs-MacBook-Pro.local" failures="0" tests="1" name="weather_RA" time="2.889" errors="0" timestamp="2021-02-09T13:24:32 EST" skipped="0">
  <testcase classname="weather_RA" name="f" time="2.889"/>
  <system-out/>
</testsuite> <!-- weather_RA -->
